{
  "RSpec": {
    "coverage": {
      "/Users/mbutera/turing/3module/projects/bookfund/app/helpers/application_helper.rb": [
        1,
        null
      ],
      "/Users/mbutera/turing/3module/projects/bookfund/app/models/author.rb": [
        1,
        1,
        1,
        null,
        1,
        null
      ],
      "/Users/mbutera/turing/3module/projects/bookfund/app/models/application_record.rb": [
        1,
        1,
        null
      ],
      "/Users/mbutera/turing/3module/projects/bookfund/app/models/cart.rb": [
        1,
        1,
        null,
        1,
        83,
        null,
        null,
        1,
        6,
        null,
        null,
        1,
        52,
        null,
        null,
        1,
        0,
        0,
        0,
        null,
        0,
        null,
        null,
        1,
        1,
        null,
        null,
        1,
        2,
        2,
        2,
        2,
        null,
        2,
        null,
        null,
        1,
        1,
        null,
        null
      ],
      "/Users/mbutera/turing/3module/projects/bookfund/app/models/category.rb": [
        1,
        1,
        1,
        null,
        1,
        null
      ],
      "/Users/mbutera/turing/3module/projects/bookfund/app/models/ebook.rb": [
        1,
        1,
        1,
        1,
        1,
        1,
        null,
        1,
        1,
        1,
        1,
        1,
        1,
        1,
        null,
        1,
        20,
        0,
        null,
        20,
        null,
        null,
        null,
        1,
        1,
        1,
        0,
        null,
        null,
        null,
        1,
        2,
        1,
        1,
        null,
        1,
        null,
        null,
        null,
        1,
        3,
        null,
        null
      ],
      "/Users/mbutera/turing/3module/projects/bookfund/app/models/order_ebook.rb": [
        1,
        1,
        1,
        null
      ],
      "/Users/mbutera/turing/3module/projects/bookfund/app/models/order.rb": [
        1,
        1,
        null,
        1,
        1,
        null,
        1,
        1,
        1,
        null,
        1,
        null,
        1,
        0,
        0,
        0,
        0,
        0,
        0,
        null,
        null,
        null,
        1,
        1,
        null,
        null,
        1,
        1,
        null,
        null,
        1,
        1,
        null,
        null,
        1,
        1,
        null,
        null,
        null
      ],
      "/Users/mbutera/turing/3module/projects/bookfund/app/models/user.rb": [
        1,
        1,
        1,
        1,
        1,
        1,
        null,
        1,
        1,
        1,
        null,
        1,
        null,
        1,
        1,
        1,
        1,
        1,
        1,
        1,
        null,
        null,
        null
      ],
      "/Users/mbutera/turing/3module/projects/bookfund/app/controllers/application_controller.rb": [
        1,
        1,
        1,
        1,
        1,
        1,
        1,
        1,
        null,
        1,
        92,
        null,
        null,
        1,
        70,
        null,
        null,
        1,
        2,
        null,
        null,
        1,
        1,
        null,
        null,
        1,
        1,
        null,
        null
      ],
      "/Users/mbutera/turing/3module/projects/bookfund/app/controllers/admin/users_controller.rb": [
        1,
        1,
        null,
        null,
        null
      ],
      "/Users/mbutera/turing/3module/projects/bookfund/app/controllers/categories_controller.rb": [
        1,
        1,
        2,
        null,
        null,
        1,
        1,
        null,
        null
      ],
      "/Users/mbutera/turing/3module/projects/bookfund/app/models/ebook_category.rb": [
        1,
        1,
        1,
        null
      ],
      "/Users/mbutera/turing/3module/projects/bookfund/app/controllers/ebooks_controller.rb": [
        1,
        1,
        8,
        8,
        null,
        null,
        1,
        1,
        1,
        null,
        null,
        1,
        0,
        null,
        null
      ],
      "/Users/mbutera/turing/3module/projects/bookfund/app/controllers/carts_controller.rb": [
        1,
        1,
        3,
        3,
        3,
        3,
        3,
        3,
        null,
        null,
        1,
        4,
        4,
        null,
        null,
        1,
        1,
        1,
        1,
        null,
        1,
        null,
        null
      ],
      "/Users/mbutera/turing/3module/projects/bookfund/app/models/user_ebook.rb": [
        1,
        1,
        1,
        null
      ],
      "/Users/mbutera/turing/3module/projects/bookfund/app/controllers/welcome_controller.rb": [
        1,
        1,
        null,
        null
      ],
      "/Users/mbutera/turing/3module/projects/bookfund/app/controllers/users_controller.rb": [
        1,
        1,
        3,
        null,
        null,
        1,
        2,
        2,
        1,
        1,
        1,
        null,
        1,
        1,
        null,
        null,
        null,
        1,
        6,
        5,
        5,
        null,
        1,
        null,
        null,
        null,
        1,
        null,
        1,
        2,
        null,
        null,
        null
      ],
      "/Users/mbutera/turing/3module/projects/bookfund/app/controllers/users/authors_controller.rb": [
        1,
        1,
        7,
        null,
        null,
        1,
        3,
        3,
        3,
        3,
        3,
        3,
        null,
        0,
        0,
        null,
        null,
        null,
        1,
        1,
        null,
        null
      ],
      "/Users/mbutera/turing/3module/projects/bookfund/app/controllers/users/authors/ebooks_controller.rb": [
        1,
        1,
        4,
        4,
        null,
        null,
        1,
        2,
        2,
        null,
        null,
        1,
        2,
        null,
        null,
        null,
        null,
        2,
        2,
        2,
        null,
        0,
        0,
        null,
        null,
        null,
        1,
        2,
        2,
        null,
        null,
        1,
        2,
        2,
        2,
        null,
        2,
        null,
        null,
        1,
        null,
        1,
        4,
        4,
        3,
        null,
        4,
        null,
        null
      ],
      "/Users/mbutera/turing/3module/projects/bookfund/app/controllers/sessions_controller.rb": [
        1,
        1,
        null,
        null,
        1,
        2,
        2,
        1,
        1,
        1,
        null,
        1,
        null,
        null,
        null,
        1,
        1,
        1,
        1,
        null,
        0,
        null,
        null,
        null,
        1,
        1,
        1,
        1,
        null,
        null
      ],
      "/Users/mbutera/turing/3module/projects/bookfund/app/controllers/users/ebooks_controller.rb": [
        1,
        1,
        1,
        null,
        null
      ],
      "/Users/mbutera/turing/3module/projects/bookfund/app/controllers/orders_controller.rb": [
        1,
        1,
        1,
        0,
        null,
        1,
        null,
        null,
        null
      ],
      "/Users/mbutera/turing/3module/projects/bookfund/app/controllers/charges_controller.rb": [
        0,
        0,
        0,
        null,
        0,
        0,
        0,
        0,
        null,
        0,
        0,
        0,
        null,
        0,
        0,
        0,
        0,
        0,
        0,
        null,
        0,
        0,
        null,
        0,
        0,
        0,
        null,
        0,
        0,
        0,
        null,
        0,
        0,
        0,
        0,
        0,
        0,
        0,
        0,
        null,
        0,
        0,
        0
      ],
      "/Users/mbutera/turing/3module/projects/bookfund/app/models/concerns/stripe_tool.rb": [
        0,
        0,
        0,
        0,
        0,
        0,
        0,
        null,
        0,
        0,
        0,
        0,
        0,
        0,
        0,
        0,
        0
      ]
    },
    "timestamp": 1510172600
  }
}
